[2025-12-22 20:24:27] === DETAILED LOG START ===
[2025-12-22 20:24:27] Configuration: subtask-centric,2,2,30,r2_t2_i30
[2025-12-22 20:24:27] Start: Mon Dec 22 08:24:27 PM KST 2025
[2025-12-22 20:24:27] ==========================
[2025-12-22 20:24:27] 
[2025-12-22 20:24:29] Traceback (most recent call last):
[2025-12-22 20:24:29]   File "<frozen runpy>", line 198, in _run_module_as_main
[2025-12-22 20:24:29]   File "<frozen runpy>", line 88, in _run_code
[2025-12-22 20:24:29]   File "/data/galaxy4/user/j2ho/projects/ai-cosci-all/src/cli.py", line 33, in <module>
[2025-12-22 20:24:29]     from src.agent.agent import create_agent
[2025-12-22 20:24:29]   File "/data/galaxy4/user/j2ho/projects/ai-cosci-all/src/agent/__init__.py", line 3, in <module>
[2025-12-22 20:24:29]     from src.agent.agent import BioinformaticsAgent, ScientificAgent, AgentPersona, create_agent
[2025-12-22 20:24:29]   File "/data/galaxy4/user/j2ho/projects/ai-cosci-all/src/agent/agent.py", line 10, in <module>
[2025-12-22 20:24:29]     from src.tools.implementations import (
[2025-12-22 20:24:29]   File "/data/galaxy4/user/j2ho/projects/ai-cosci-all/src/tools/__init__.py", line 3, in <module>
[2025-12-22 20:24:29]     from src.tools.implementations import (
[2025-12-22 20:24:29]   File "/data/galaxy4/user/j2ho/projects/ai-cosci-all/src/tools/implementations.py", line 3369
[2025-12-22 20:24:29]     <<<<<<< HEAD
[2025-12-22 20:24:29]     ^^
[2025-12-22 20:24:29] SyntaxError: invalid syntax
