========================================
SLURM ARRAY JOB
========================================
Job ID: 1402242_1
Array Task ID: 1
Node: nova002
Start time: Mon Dec 22 08:13:51 PM KST 2025
========================================
Configuration: r2_t2_i30
  Mode: subtask-centric
  Rounds: 2
  Team size: 2
  Max iterations: 30
========================================
Question (first 200 chars):
Problem 5. [Rejuvenation Target Discovery Along the T Cell Exhaustion–Aging–Death Axis]


Background
In the tumor microenvironment, T cells are subjected to chronic and repeated antigen stimulation ov...
========================================
Output files:
  Answer: /data/galaxy4/user/j2ho/projects/ai-cosci-all/optimization_results/answer_r2_t2_i30.md
  Detailed log: /data/galaxy4/user/j2ho/projects/ai-cosci-all/logs/detailed_r2_t2_i30.log
  Timing: /data/galaxy4/user/j2ho/projects/ai-cosci-all/logs/timing_r2_t2_i30.csv
========================================

Starting test at: Mon Dec 22 08:13:51 PM KST 2025

[2025-12-22 20:13:51] === DETAILED LOG START ===
[2025-12-22 20:13:51] Configuration: subtask-centric,2,2,30,r2_t2_i30
[2025-12-22 20:13:51] Start: Mon Dec 22 08:13:51 PM KST 2025
[2025-12-22 20:13:51] ==========================
[2025-12-22 20:13:51] 
[2025-12-22 20:13:54] Traceback (most recent call last):
[2025-12-22 20:13:54]   File "<frozen runpy>", line 198, in _run_module_as_main
[2025-12-22 20:13:54]   File "<frozen runpy>", line 88, in _run_code
[2025-12-22 20:13:54]   File "/data/galaxy4/user/j2ho/projects/ai-cosci-all/src/cli.py", line 33, in <module>
[2025-12-22 20:13:54]     from src.agent.agent import create_agent
[2025-12-22 20:13:54]   File "/data/galaxy4/user/j2ho/projects/ai-cosci-all/src/agent/__init__.py", line 3, in <module>
[2025-12-22 20:13:54]     from src.agent.agent import BioinformaticsAgent, ScientificAgent, AgentPersona, create_agent
[2025-12-22 20:13:54]   File "/data/galaxy4/user/j2ho/projects/ai-cosci-all/src/agent/agent.py", line 10, in <module>
[2025-12-22 20:13:54]     from src.tools.implementations import (
[2025-12-22 20:13:54]   File "/data/galaxy4/user/j2ho/projects/ai-cosci-all/src/tools/__init__.py", line 3, in <module>
[2025-12-22 20:13:54]     from src.tools.implementations import (
[2025-12-22 20:13:54]   File "/data/galaxy4/user/j2ho/projects/ai-cosci-all/src/tools/implementations.py", line 3369
[2025-12-22 20:13:54]     <<<<<<< HEAD
[2025-12-22 20:13:54]     ^^
[2025-12-22 20:13:54] SyntaxError: invalid syntax

========================================
RESULTS SUMMARY: r2_t2_i30
========================================
Configuration:
  Mode: subtask-centric
  Rounds: 2
  Team size: 2
  Max iterations: 30

Timing:
  Start: Mon Dec 22 08:13:51 PM KST 2025
  End: Mon Dec 22 08:13:54 PM KST 2025
  Elapsed: 0h 0m 3s (3s total)

Output:
  Answer: /data/galaxy4/user/j2ho/projects/ai-cosci-all/optimization_results/answer_r2_t2_i30.md
  Detailed log: /data/galaxy4/user/j2ho/projects/ai-cosci-all/logs/detailed_r2_t2_i30.log
  Exit code: 1
========================================

Job completed!
