========================================
Q5 FINAL RUN
========================================
Job ID: 1402245
Node: nova006
Start time: Mon Dec 22 08:30:26 PM KST 2025
========================================
Configuration:
  Mode: subtask-centric
  Rounds: 2
  Team size: 3
  Verbose: enabled
========================================
Question (first 200 chars):
Problem 5. [Rejuvenation Target Discovery Along the T Cell Exhaustion–Aging–Death Axis]


Background
In the tumor microenvironment, T cells are subjected to chronic and repeated antigen stimulation ov...
========================================
Output files:
  Answer: /data/galaxy4/user/j2ho/projects/ai-cosci-all/final_Q5/answer_Q5_final.md
  Detailed log: /data/galaxy4/user/j2ho/projects/ai-cosci-all/logs/detailed_Q5_final.log
  Timing: /data/galaxy4/user/j2ho/projects/ai-cosci-all/logs/timing_Q5_final.csv
========================================

Starting run at: Mon Dec 22 08:30:26 PM KST 2025

[2025-12-22 20:30:26] === DETAILED LOG START ===
[2025-12-22 20:30:26] Configuration: Q5 Final Run
[2025-12-22 20:30:26]   Mode: subtask-centric
[2025-12-22 20:30:26]   Rounds: 2
[2025-12-22 20:30:26]   Team size: 3
[2025-12-22 20:30:26] Start: Mon Dec 22 08:30:26 PM KST 2025
[2025-12-22 20:30:26] ==========================
[2025-12-22 20:30:26] 
[2025-12-22 20:30:29] Traceback (most recent call last):
[2025-12-22 20:30:29]   File "<frozen runpy>", line 198, in _run_module_as_main
[2025-12-22 20:30:29]   File "<frozen runpy>", line 88, in _run_code
[2025-12-22 20:30:29]   File "/data/galaxy4/user/j2ho/projects/ai-cosci-all/src/cli.py", line 33, in <module>
[2025-12-22 20:30:29]     from src.agent.agent import create_agent
[2025-12-22 20:30:29]   File "/data/galaxy4/user/j2ho/projects/ai-cosci-all/src/agent/__init__.py", line 3, in <module>
[2025-12-22 20:30:29]     from src.agent.agent import BioinformaticsAgent, ScientificAgent, AgentPersona, create_agent
[2025-12-22 20:30:29]   File "/data/galaxy4/user/j2ho/projects/ai-cosci-all/src/agent/agent.py", line 10, in <module>
[2025-12-22 20:30:29]     from src.tools.implementations import (
[2025-12-22 20:30:29]   File "/data/galaxy4/user/j2ho/projects/ai-cosci-all/src/tools/__init__.py", line 3, in <module>
[2025-12-22 20:30:29]     from src.tools.implementations import (
[2025-12-22 20:30:29]   File "/data/galaxy4/user/j2ho/projects/ai-cosci-all/src/tools/implementations.py", line 3369
[2025-12-22 20:30:29]     <<<<<<< HEAD
[2025-12-22 20:30:29]     ^^
[2025-12-22 20:30:29] SyntaxError: invalid syntax

========================================
RESULTS SUMMARY: Q5 Final
========================================
Configuration:
  Mode: subtask-centric
  Rounds: 2
  Team size: 3

Timing:
  Start: Mon Dec 22 08:30:26 PM KST 2025
  End: Mon Dec 22 08:30:30 PM KST 2025
  Elapsed: 0h 0m 4s (4s total)

Output:
  Answer: /data/galaxy4/user/j2ho/projects/ai-cosci-all/final_Q5/answer_Q5_final.md
  Detailed log: /data/galaxy4/user/j2ho/projects/ai-cosci-all/logs/detailed_Q5_final.log
  Exit code: 1
========================================

Job completed!
